2020-05-28 23:52:12  [ main:0 ] - [ INFO ]  ProcessFramework init at Thu May 28 23:52:12 CST 2020
2020-05-28 23:52:12  [ main:15 ] - [ INFO ]  add process.gao.Test2 to framework...
2020-05-28 23:52:12  [ main:16 ] - [ INFO ]  add process.gao.Test2 to framework...
2020-05-28 23:52:12  [ main:20 ] - [ INFO ]  add process.gao.Test2 to framework...
2020-05-28 23:52:12  [ main:20 ] - [ INFO ]  add process.gao.Test2 to framework...
2020-05-28 23:52:12  [ main:21 ] - [ INFO ]  add process.Test to framework...
2020-05-28 23:52:12  [ main:22 ] - [ INFO ]  add process.Test to framework...
2020-05-28 23:52:12  [ main:26 ] - [ INFO ]  add system.module.FrameworkMsg to framework...
2020-05-28 23:52:12  [ main:26 ] - [ INFO ]  FrameworkMsg init...
2020-05-28 23:52:12  [ main:36 ] - [ INFO ]  add system.module.network.MyWebSocket to framework...
2020-05-28 23:52:12  [ main:42 ] - [ INFO ]  WebSocket init port = 7000
2020-05-28 23:52:12  [ main:44 ] - [ INFO ]  add system.module.processpool.ProcessPool to framework...
2020-05-28 23:52:12  [ main:47 ] - [ INFO ]  processPool init... 
waitQueueSize = 20; readyQueueSize = 20; runQueueSize = 1
2020-05-28 23:52:12  [ main:48 ] - [ INFO ]  PCB INFO: 

2020-05-28 23:52:12  [ main:49 ] - [ INFO ]  PCB(name=task-process.gao.Test2-test2, pid=0, processStatus=READY, priority=6, processInfo=class process.gao.Test2, serviceTime=4, arriveTime=0, finishTime=0, runTime=0, requestTime=-1, requestTime_save=0, method=print, task=process.gao.Test2@3d71d552)
2020-05-28 23:52:12  [ main:49 ] - [ INFO ]  PCB(name=task-process.gao.Test2-print4, pid=1, processStatus=READY, priority=5, processInfo=class process.gao.Test2, serviceTime=6, arriveTime=0, finishTime=0, runTime=0, requestTime=-1, requestTime_save=0, method=print4, task=process.gao.Test2@1cf4f579)
2020-05-28 23:52:12  [ main:50 ] - [ INFO ]  PCB(name=task-process.gao.Test2-print3, pid=2, processStatus=READY, priority=5, processInfo=class process.gao.Test2, serviceTime=5, arriveTime=0, finishTime=0, runTime=0, requestTime=-1, requestTime_save=0, method=print3, task=process.gao.Test2@621be5d1)
2020-05-28 23:52:12  [ main:50 ] - [ INFO ]  PCB(name=task-process.gao.Test2-print2, pid=3, processStatus=READY, priority=5, processInfo=class process.gao.Test2, serviceTime=3, arriveTime=0, finishTime=0, runTime=0, requestTime=3000, requestTime_save=0, method=print2, task=process.gao.Test2@573fd745)
2020-05-28 23:52:12  [ main:50 ] - [ INFO ]  PCB(name=task-process.Test-say, pid=4, processStatus=READY, priority=5, processInfo=class process.Test, serviceTime=5, arriveTime=0, finishTime=0, runTime=0, requestTime=-1, requestTime_save=0, method=say, task=process.Test@15327b79)
2020-05-28 23:52:12  [ main:51 ] - [ INFO ]  PCB(name=task-process.Test-hello, pid=5, processStatus=READY, priority=5, processInfo=class process.Test, serviceTime=6, arriveTime=0, finishTime=0, runTime=0, requestTime=-1, requestTime_save=0, method=hello, task=process.Test@4f2410ac)
2020-05-28 23:52:12  [ system.module.processpool.ProcessPool:51 ] - [ INFO ]  ProcessPool run..
2020-05-28 23:52:14  [ WebSocketSelector-21:1678 ] - [ INFO ]  wait client...
2020-05-28 23:52:15  [ WebSocketWorker-12:2734 ] - [ INFO ]  /192.168.0.104:58883 has connected...
2020-05-28 23:56:12  [ main:0 ] - [ INFO ]  ProcessFramework init at Thu May 28 23:56:12 CST 2020
2020-05-28 23:56:12  [ main:14 ] - [ INFO ]  add process.gao.Test2 to framework...
2020-05-28 23:56:12  [ main:15 ] - [ INFO ]  add process.gao.Test2 to framework...
2020-05-28 23:56:12  [ main:18 ] - [ INFO ]  add process.gao.Test2 to framework...
2020-05-28 23:56:12  [ main:18 ] - [ INFO ]  add process.gao.Test2 to framework...
2020-05-28 23:56:12  [ main:19 ] - [ INFO ]  add process.gao.Test3 to framework...
2020-05-28 23:56:12  [ main:20 ] - [ INFO ]  add process.Test to framework...
2020-05-28 23:56:12  [ main:21 ] - [ INFO ]  add process.Test to framework...
2020-05-28 23:56:12  [ main:24 ] - [ INFO ]  add system.module.FrameworkMsg to framework...
2020-05-28 23:56:12  [ main:24 ] - [ INFO ]  FrameworkMsg init...
2020-05-28 23:56:12  [ main:32 ] - [ INFO ]  add system.module.network.MyWebSocket to framework...
2020-05-28 23:56:12  [ main:37 ] - [ INFO ]  WebSocket init port = 7000
2020-05-28 23:56:12  [ main:38 ] - [ INFO ]  add system.module.processpool.ProcessPool to framework...
2020-05-28 23:56:12  [ main:41 ] - [ INFO ]  processPool init... 
waitQueueSize = 20; readyQueueSize = 20; runQueueSize = 1
2020-05-28 23:56:12  [ main:41 ] - [ INFO ]  PCB INFO: 

2020-05-28 23:56:12  [ main:43 ] - [ INFO ]  PCB(name=task-process.gao.Test2-test2, pid=0, processStatus=READY, priority=6, processInfo=class process.gao.Test2, serviceTime=4, arriveTime=0, finishTime=0, runTime=0, requestTime=-1, requestTime_save=0, method=print, task=process.gao.Test2@1cf4f579)
2020-05-28 23:56:12  [ main:44 ] - [ INFO ]  PCB(name=task-process.gao.Test2-print3, pid=1, processStatus=READY, priority=5, processInfo=class process.gao.Test2, serviceTime=5, arriveTime=0, finishTime=0, runTime=0, requestTime=-1, requestTime_save=0, method=print3, task=process.gao.Test2@621be5d1)
2020-05-28 23:56:12  [ main:44 ] - [ INFO ]  PCB(name=task-process.gao.Test2-print4, pid=2, processStatus=READY, priority=5, processInfo=class process.gao.Test2, serviceTime=6, arriveTime=0, finishTime=0, runTime=0, requestTime=-1, requestTime_save=0, method=print4, task=process.gao.Test2@573fd745)
2020-05-28 23:56:12  [ main:44 ] - [ INFO ]  PCB(name=task-process.gao.Test2-print2, pid=3, processStatus=READY, priority=5, processInfo=class process.gao.Test2, serviceTime=3, arriveTime=0, finishTime=0, runTime=0, requestTime=3000, requestTime_save=0, method=print2, task=process.gao.Test2@15327b79)
2020-05-28 23:56:12  [ main:44 ] - [ INFO ]  PCB(name=task-process.gao.Test3-say, pid=4, processStatus=READY, priority=5, processInfo=class process.gao.Test3, serviceTime=8, arriveTime=0, finishTime=0, runTime=0, requestTime=2, requestTime_save=0, method=say, task=process.gao.Test3@4f2410ac)
2020-05-28 23:56:12  [ main:44 ] - [ INFO ]  PCB(name=task-process.Test-say, pid=5, processStatus=READY, priority=5, processInfo=class process.Test, serviceTime=5, arriveTime=0, finishTime=0, runTime=0, requestTime=-1, requestTime_save=0, method=say, task=process.Test@722c41f4)
2020-05-28 23:56:12  [ main:45 ] - [ INFO ]  PCB(name=task-process.Test-hello, pid=6, processStatus=READY, priority=5, processInfo=class process.Test, serviceTime=6, arriveTime=0, finishTime=0, runTime=0, requestTime=-1, requestTime_save=0, method=hello, task=process.Test@5b80350b)
2020-05-28 23:56:12  [ system.module.processpool.ProcessPool:45 ] - [ INFO ]  ProcessPool run..
2020-05-28 23:56:14  [ WebSocketSelector-21:1647 ] - [ INFO ]  wait client...
2020-05-28 23:56:15  [ WebSocketWorker-12:3312 ] - [ INFO ]  /192.168.0.104:59032 has connected...
2020-05-28 23:57:17  [ main:0 ] - [ INFO ]  ProcessFramework init at Thu May 28 23:57:17 CST 2020
2020-05-28 23:57:17  [ main:13 ] - [ INFO ]  add process.gao.Test2 to framework...
2020-05-28 23:57:17  [ main:15 ] - [ INFO ]  add process.gao.Test2 to framework...
2020-05-28 23:57:17  [ main:17 ] - [ INFO ]  add process.gao.Test2 to framework...
2020-05-28 23:57:17  [ main:17 ] - [ INFO ]  add process.gao.Test2 to framework...
2020-05-28 23:57:17  [ main:18 ] - [ INFO ]  add process.gao.Test3 to framework...
2020-05-28 23:57:17  [ main:19 ] - [ INFO ]  add process.Test to framework...
2020-05-28 23:57:17  [ main:19 ] - [ INFO ]  add process.Test to framework...
2020-05-28 23:57:17  [ main:23 ] - [ INFO ]  add system.module.FrameworkMsg to framework...
2020-05-28 23:57:17  [ main:24 ] - [ INFO ]  FrameworkMsg init...
2020-05-28 23:57:17  [ main:32 ] - [ INFO ]  add system.module.network.MyWebSocket to framework...
2020-05-28 23:57:17  [ main:36 ] - [ INFO ]  WebSocket init port = 7000
2020-05-28 23:57:17  [ main:38 ] - [ INFO ]  add system.module.processpool.ProcessPool to framework...
2020-05-28 23:57:17  [ main:40 ] - [ INFO ]  processPool init... 
waitQueueSize = 20; readyQueueSize = 20; runQueueSize = 1
2020-05-28 23:57:17  [ main:40 ] - [ INFO ]  PCB INFO: 

2020-05-28 23:57:17  [ main:41 ] - [ INFO ]  PCB(name=task-process.gao.Test2-test2, pid=0, processStatus=READY, priority=6, processInfo=class process.gao.Test2, serviceTime=4, arriveTime=0, finishTime=0, runTime=0, requestTime=-1, requestTime_save=0, method=print, task=process.gao.Test2@1cf4f579)
2020-05-28 23:57:17  [ main:42 ] - [ INFO ]  PCB(name=task-process.gao.Test2-print4, pid=1, processStatus=READY, priority=5, processInfo=class process.gao.Test2, serviceTime=6, arriveTime=0, finishTime=0, runTime=0, requestTime=-1, requestTime_save=0, method=print4, task=process.gao.Test2@621be5d1)
2020-05-28 23:57:17  [ main:43 ] - [ INFO ]  PCB(name=task-process.gao.Test2-print3, pid=2, processStatus=READY, priority=5, processInfo=class process.gao.Test2, serviceTime=5, arriveTime=0, finishTime=0, runTime=0, requestTime=-1, requestTime_save=0, method=print3, task=process.gao.Test2@573fd745)
2020-05-28 23:57:17  [ main:43 ] - [ INFO ]  PCB(name=task-process.gao.Test2-print2, pid=3, processStatus=READY, priority=5, processInfo=class process.gao.Test2, serviceTime=3, arriveTime=0, finishTime=0, runTime=0, requestTime=3000, requestTime_save=0, method=print2, task=process.gao.Test2@15327b79)
2020-05-28 23:57:17  [ main:43 ] - [ INFO ]  PCB(name=task-process.gao.Test3-say, pid=4, processStatus=READY, priority=5, processInfo=class process.gao.Test3, serviceTime=8, arriveTime=0, finishTime=0, runTime=0, requestTime=2000, requestTime_save=0, method=say, task=process.gao.Test3@4f2410ac)
2020-05-28 23:57:17  [ main:43 ] - [ INFO ]  PCB(name=task-process.Test-say, pid=5, processStatus=READY, priority=5, processInfo=class process.Test, serviceTime=5, arriveTime=0, finishTime=0, runTime=0, requestTime=-1, requestTime_save=0, method=say, task=process.Test@722c41f4)
2020-05-28 23:57:17  [ main:44 ] - [ INFO ]  PCB(name=task-process.Test-hello, pid=6, processStatus=READY, priority=5, processInfo=class process.Test, serviceTime=6, arriveTime=0, finishTime=0, runTime=0, requestTime=-1, requestTime_save=0, method=hello, task=process.Test@5b80350b)
2020-05-28 23:57:17  [ system.module.processpool.ProcessPool:44 ] - [ INFO ]  ProcessPool run..
2020-05-28 23:57:19  [ WebSocketSelector-21:1625 ] - [ INFO ]  wait client...
2020-05-28 23:57:19  [ WebSocketWorker-12:1648 ] - [ INFO ]  /192.168.0.104:59066 has connected...
2020-05-28 23:58:07  [ main:0 ] - [ INFO ]  ProcessFramework init at Thu May 28 23:58:07 CST 2020
2020-05-28 23:58:07  [ main:15 ] - [ INFO ]  add process.gao.Test2 to framework...
2020-05-28 23:58:07  [ main:17 ] - [ INFO ]  add process.gao.Test2 to framework...
2020-05-28 23:58:07  [ main:20 ] - [ INFO ]  add process.gao.Test2 to framework...
2020-05-28 23:58:07  [ main:20 ] - [ INFO ]  add process.gao.Test2 to framework...
2020-05-28 23:58:07  [ main:21 ] - [ INFO ]  add process.gao.Test3 to framework...
2020-05-28 23:58:07  [ main:22 ] - [ INFO ]  add process.Test to framework...
2020-05-28 23:58:07  [ main:23 ] - [ INFO ]  add process.Test to framework...
2020-05-28 23:58:07  [ main:28 ] - [ INFO ]  add system.module.FrameworkMsg to framework...
2020-05-28 23:58:07  [ main:28 ] - [ INFO ]  FrameworkMsg init...
2020-05-28 23:58:07  [ main:39 ] - [ INFO ]  add system.module.network.MyWebSocket to framework...
2020-05-28 23:58:07  [ main:44 ] - [ INFO ]  WebSocket init port = 7000
2020-05-28 23:58:07  [ main:46 ] - [ INFO ]  add system.module.processpool.ProcessPool to framework...
2020-05-28 23:58:07  [ main:50 ] - [ INFO ]  processPool init... 
waitQueueSize = 20; readyQueueSize = 20; runQueueSize = 1
2020-05-28 23:58:07  [ main:50 ] - [ INFO ]  PCB INFO: 

2020-05-28 23:58:07  [ main:51 ] - [ INFO ]  PCB(name=task-process.gao.Test2-test2, pid=0, processStatus=READY, priority=6, processInfo=class process.gao.Test2, serviceTime=4, arriveTime=0, finishTime=0, runTime=0, requestTime=-1, requestTime_save=0, method=print, task=process.gao.Test2@1cf4f579)
2020-05-28 23:58:07  [ main:53 ] - [ INFO ]  PCB(name=task-process.gao.Test2-print3, pid=1, processStatus=READY, priority=5, processInfo=class process.gao.Test2, serviceTime=5, arriveTime=0, finishTime=0, runTime=0, requestTime=-1, requestTime_save=0, method=print3, task=process.gao.Test2@621be5d1)
2020-05-28 23:58:07  [ main:54 ] - [ INFO ]  PCB(name=task-process.gao.Test2-print2, pid=2, processStatus=READY, priority=5, processInfo=class process.gao.Test2, serviceTime=3, arriveTime=0, finishTime=0, runTime=0, requestTime=3000, requestTime_save=0, method=print2, task=process.gao.Test2@573fd745)
2020-05-28 23:58:07  [ main:54 ] - [ INFO ]  PCB(name=task-process.gao.Test2-print4, pid=3, processStatus=READY, priority=5, processInfo=class process.gao.Test2, serviceTime=6, arriveTime=0, finishTime=0, runTime=0, requestTime=-1, requestTime_save=0, method=print4, task=process.gao.Test2@15327b79)
2020-05-28 23:58:07  [ main:55 ] - [ INFO ]  PCB(name=task-process.gao.Test3-say, pid=4, processStatus=READY, priority=5, processInfo=class process.gao.Test3, serviceTime=8, arriveTime=0, finishTime=0, runTime=0, requestTime=8000, requestTime_save=0, method=say, task=process.gao.Test3@4f2410ac)
2020-05-28 23:58:07  [ main:55 ] - [ INFO ]  PCB(name=task-process.Test-hello, pid=5, processStatus=READY, priority=5, processInfo=class process.Test, serviceTime=6, arriveTime=0, finishTime=0, runTime=0, requestTime=-1, requestTime_save=0, method=hello, task=process.Test@722c41f4)
2020-05-28 23:58:07  [ main:55 ] - [ INFO ]  PCB(name=task-process.Test-say, pid=6, processStatus=READY, priority=5, processInfo=class process.Test, serviceTime=5, arriveTime=0, finishTime=0, runTime=0, requestTime=-1, requestTime_save=0, method=say, task=process.Test@5b80350b)
2020-05-28 23:58:07  [ system.module.processpool.ProcessPool:60 ] - [ INFO ]  ProcessPool run..
2020-05-28 23:58:09  [ WebSocketSelector-21:1793 ] - [ INFO ]  wait client...
2020-05-28 23:58:10  [ WebSocketWorker-12:3360 ] - [ INFO ]  /192.168.0.104:59099 has connected...
2020-05-28 23:59:33  [ main:0 ] - [ INFO ]  ProcessFramework init at Thu May 28 23:59:33 CST 2020
2020-05-28 23:59:33  [ main:14 ] - [ INFO ]  add process.gao.Test2 to framework...
2020-05-28 23:59:33  [ main:16 ] - [ INFO ]  add process.gao.Test2 to framework...
2020-05-28 23:59:33  [ main:19 ] - [ INFO ]  add process.gao.Test2 to framework...
2020-05-28 23:59:33  [ main:20 ] - [ INFO ]  add process.gao.Test3 to framework...
2020-05-28 23:59:33  [ main:21 ] - [ INFO ]  add process.Test to framework...
2020-05-28 23:59:33  [ main:22 ] - [ INFO ]  add process.Test to framework...
2020-05-28 23:59:33  [ main:26 ] - [ INFO ]  add system.module.FrameworkMsg to framework...
2020-05-28 23:59:33  [ main:27 ] - [ INFO ]  FrameworkMsg init...
2020-05-28 23:59:33  [ main:35 ] - [ INFO ]  add system.module.network.MyWebSocket to framework...
2020-05-28 23:59:33  [ main:39 ] - [ INFO ]  WebSocket init port = 7000
2020-05-28 23:59:33  [ main:40 ] - [ INFO ]  add system.module.processpool.ProcessPool to framework...
2020-05-28 23:59:33  [ main:42 ] - [ INFO ]  processPool init... 
waitQueueSize = 20; readyQueueSize = 20; runQueueSize = 1
2020-05-28 23:59:33  [ main:43 ] - [ INFO ]  PCB INFO: 

2020-05-28 23:59:33  [ main:44 ] - [ INFO ]  PCB(name=task-process.gao.Test2-test2, pid=0, processStatus=READY, priority=6, processInfo=class process.gao.Test2, serviceTime=4, arriveTime=0, finishTime=0, runTime=0, requestTime=-1, requestTime_save=0, method=print, task=process.gao.Test2@1cf4f579)
2020-05-28 23:59:33  [ main:44 ] - [ INFO ]  PCB(name=task-process.gao.Test2-print3, pid=1, processStatus=READY, priority=5, processInfo=class process.gao.Test2, serviceTime=5, arriveTime=0, finishTime=0, runTime=0, requestTime=-1, requestTime_save=0, method=print3, task=process.gao.Test2@18769467)
2020-05-28 23:59:33  [ main:45 ] - [ INFO ]  PCB(name=task-process.gao.Test2-print2, pid=2, processStatus=READY, priority=5, processInfo=class process.gao.Test2, serviceTime=3, arriveTime=0, finishTime=0, runTime=0, requestTime=3000, requestTime_save=0, method=print2, task=process.gao.Test2@573fd745)
2020-05-28 23:59:33  [ main:45 ] - [ INFO ]  PCB(name=task-process.gao.Test3-say, pid=3, processStatus=READY, priority=5, processInfo=class process.gao.Test3, serviceTime=8, arriveTime=0, finishTime=0, runTime=0, requestTime=8000, requestTime_save=0, method=say, task=process.gao.Test3@15327b79)
2020-05-28 23:59:33  [ main:46 ] - [ INFO ]  PCB(name=task-process.Test-say, pid=4, processStatus=READY, priority=5, processInfo=class process.Test, serviceTime=5, arriveTime=0, finishTime=0, runTime=0, requestTime=-1, requestTime_save=0, method=say, task=process.Test@4f2410ac)
2020-05-28 23:59:33  [ main:46 ] - [ INFO ]  PCB(name=task-process.Test-hello, pid=5, processStatus=READY, priority=5, processInfo=class process.Test, serviceTime=6, arriveTime=0, finishTime=0, runTime=0, requestTime=-1, requestTime_save=0, method=hello, task=process.Test@722c41f4)
2020-05-28 23:59:33  [ system.module.processpool.ProcessPool:46 ] - [ INFO ]  ProcessPool run..
2020-05-28 23:59:35  [ WebSocketSelector-21:1652 ] - [ INFO ]  wait client...
2020-05-28 23:59:35  [ WebSocketWorker-12:1667 ] - [ INFO ]  /192.168.0.104:59148 has connected...
