2020-05-29 08:21:44  [ main:0 ] - [ INFO ]  ProcessFramework init at Fri May 29 08:21:44 CST 2020
2020-05-29 08:21:44  [ main:57 ] - [ INFO ]  add process.gao.Test2 to framework...
2020-05-29 08:21:44  [ main:86 ] - [ INFO ]  add process.gao.Test2 to framework...
2020-05-29 08:21:44  [ main:89 ] - [ INFO ]  add process.gao.Test2 to framework...
2020-05-29 08:21:44  [ main:90 ] - [ INFO ]  add process.gao.Test3 to framework...
2020-05-29 08:21:44  [ main:92 ] - [ INFO ]  add process.Test to framework...
2020-05-29 08:21:44  [ main:92 ] - [ INFO ]  add process.Test to framework...
2020-05-29 08:21:44  [ main:218 ] - [ INFO ]  add system.module.FrameworkMsg to framework...
2020-05-29 08:21:44  [ main:218 ] - [ INFO ]  FrameworkMsg init...
2020-05-29 08:21:44  [ main:380 ] - [ INFO ]  add system.module.network.MyWebSocket to framework...
2020-05-29 08:21:44  [ main:385 ] - [ INFO ]  WebSocket init port = 7000
2020-05-29 08:21:45  [ main:471 ] - [ INFO ]  add system.module.processpool.ProcessPool to framework...
2020-05-29 08:21:45  [ main:497 ] - [ INFO ]  processPool init... 
waitQueueSize = 20; readyQueueSize = 20; runQueueSize = 1
2020-05-29 08:21:45  [ main:497 ] - [ INFO ]  PCB INFO: 

2020-05-29 08:21:45  [ main:525 ] - [ INFO ]  PCB(name=task-process.gao.Test2-test2, pid=0, processStatus=READY, priority=6, processInfo=class process.gao.Test2, serviceTime=4, arriveTime=0, finishTime=0, runTime=0, requestTime=-1, requestTime_save=0, method=print, task=process.gao.Test2@1cf4f579)
2020-05-29 08:21:45  [ main:526 ] - [ INFO ]  PCB(name=task-process.gao.Test2-print2, pid=1, processStatus=READY, priority=5, processInfo=class process.gao.Test2, serviceTime=3, arriveTime=0, finishTime=0, runTime=0, requestTime=3000, requestTime_save=0, method=print2, task=process.gao.Test2@18769467)
2020-05-29 08:21:45  [ main:527 ] - [ INFO ]  PCB(name=task-process.gao.Test2-print3, pid=2, processStatus=READY, priority=5, processInfo=class process.gao.Test2, serviceTime=5, arriveTime=0, finishTime=0, runTime=0, requestTime=-1, requestTime_save=0, method=print3, task=process.gao.Test2@573fd745)
2020-05-29 08:21:45  [ main:527 ] - [ INFO ]  PCB(name=task-process.gao.Test3-say, pid=3, processStatus=READY, priority=5, processInfo=class process.gao.Test3, serviceTime=8, arriveTime=0, finishTime=0, runTime=0, requestTime=8000, requestTime_save=0, method=say, task=process.gao.Test3@15327b79)
2020-05-29 08:21:45  [ main:528 ] - [ INFO ]  PCB(name=task-process.Test-hello, pid=4, processStatus=READY, priority=5, processInfo=class process.Test, serviceTime=6, arriveTime=0, finishTime=0, runTime=0, requestTime=-1, requestTime_save=0, method=hello, task=process.Test@4f2410ac)
2020-05-29 08:21:45  [ main:528 ] - [ INFO ]  PCB(name=task-process.Test-say, pid=5, processStatus=READY, priority=5, processInfo=class process.Test, serviceTime=5, arriveTime=0, finishTime=0, runTime=0, requestTime=-1, requestTime_save=0, method=say, task=process.Test@722c41f4)
2020-05-29 08:21:45  [ system.module.processpool.ProcessPool:529 ] - [ INFO ]  ProcessPool run..
2020-05-29 08:21:46  [ WebSocketSelector-21:2060 ] - [ INFO ]  wait client...
2020-05-29 08:21:48  [ WebSocketWorker-12:4081 ] - [ INFO ]  /192.168.0.104:54921 has connected...
2020-05-29 11:56:07  [ main:0 ] - [ INFO ]  ProcessFramework init at Fri May 29 11:56:07 CST 2020
2020-05-29 11:56:07  [ main:12 ] - [ INFO ]  add process.gao.Test2 to framework...
2020-05-29 11:56:07  [ main:14 ] - [ INFO ]  add process.gao.Test2 to framework...
2020-05-29 11:56:07  [ main:16 ] - [ INFO ]  add process.gao.Test2 to framework...
2020-05-29 11:56:07  [ main:17 ] - [ INFO ]  add process.gao.Test3 to framework...
2020-05-29 11:56:07  [ main:18 ] - [ INFO ]  add process.Test to framework...
2020-05-29 11:56:07  [ main:18 ] - [ INFO ]  add process.Test to framework...
2020-05-29 11:56:07  [ main:23 ] - [ INFO ]  add system.module.FrameworkMsg to framework...
2020-05-29 11:56:07  [ main:23 ] - [ INFO ]  FrameworkMsg init...
2020-05-29 11:56:07  [ main:32 ] - [ INFO ]  add system.module.network.MyWebSocket to framework...
2020-05-29 11:56:07  [ main:36 ] - [ INFO ]  WebSocket init port = 7000
2020-05-29 11:56:07  [ main:38 ] - [ INFO ]  add system.module.processpool.ProcessPool to framework...
2020-05-29 11:56:07  [ main:40 ] - [ INFO ]  processPool init... 
waitQueueSize = 20; readyQueueSize = 20; runQueueSize = 1
2020-05-29 11:56:07  [ main:40 ] - [ INFO ]  PCB INFO: 

2020-05-29 11:56:07  [ main:41 ] - [ INFO ]  PCB(name=task-process.gao.Test2-test2, pid=0, processStatus=READY, priority=6, processInfo=class process.gao.Test2, serviceTime=4, arriveTime=0, finishTime=0, runTime=0, requestTime=-1, requestTime_save=0, method=print, task=process.gao.Test2@1cf4f579)
2020-05-29 11:56:07  [ main:42 ] - [ INFO ]  PCB(name=task-process.gao.Test2-print3, pid=1, processStatus=READY, priority=5, processInfo=class process.gao.Test2, serviceTime=5, arriveTime=0, finishTime=0, runTime=0, requestTime=-1, requestTime_save=0, method=print3, task=process.gao.Test2@18769467)
2020-05-29 11:56:07  [ main:43 ] - [ INFO ]  PCB(name=task-process.gao.Test2-print2, pid=2, processStatus=READY, priority=5, processInfo=class process.gao.Test2, serviceTime=3, arriveTime=0, finishTime=0, runTime=0, requestTime=3000, requestTime_save=0, method=print2, task=process.gao.Test2@573fd745)
2020-05-29 11:56:07  [ main:43 ] - [ INFO ]  PCB(name=task-process.gao.Test3-say, pid=3, processStatus=READY, priority=5, processInfo=class process.gao.Test3, serviceTime=8, arriveTime=0, finishTime=0, runTime=0, requestTime=8000, requestTime_save=0, method=say, task=process.gao.Test3@15327b79)
2020-05-29 11:56:07  [ main:43 ] - [ INFO ]  PCB(name=task-process.Test-say, pid=4, processStatus=READY, priority=5, processInfo=class process.Test, serviceTime=5, arriveTime=0, finishTime=0, runTime=0, requestTime=-1, requestTime_save=0, method=say, task=process.Test@4f2410ac)
2020-05-29 11:56:07  [ main:43 ] - [ INFO ]  PCB(name=task-process.Test-hello, pid=5, processStatus=READY, priority=5, processInfo=class process.Test, serviceTime=6, arriveTime=0, finishTime=0, runTime=0, requestTime=-1, requestTime_save=0, method=hello, task=process.Test@722c41f4)
2020-05-29 11:56:07  [ system.module.processpool.ProcessPool:44 ] - [ INFO ]  ProcessPool run..
2020-05-29 11:56:09  [ WebSocketSelector-21:1635 ] - [ INFO ]  wait client...
2020-05-29 11:58:34  [ WebSocketWorker-12:146411 ] - [ INFO ]  /192.168.0.104:55677 has connected...
