2020-06-05 11:42:48  [ main:0 ] - [ INFO ]  ProcessFramework init at Fri Jun 05 11:42:48 CST 2020
2020-06-05 11:42:48  [ main:16 ] - [ INFO ]  add process.gao.Test2 to framework...
2020-06-05 11:42:48  [ main:16 ] - [ INFO ]  add process.gao.Test2 to framework...
2020-06-05 11:42:48  [ main:16 ] - [ INFO ]  add process.gao.Test2 to framework...
2020-06-05 11:42:48  [ main:16 ] - [ INFO ]  add process.gao.Test3 to framework...
2020-06-05 11:42:48  [ main:16 ] - [ INFO ]  add process.Test to framework...
2020-06-05 11:42:48  [ main:16 ] - [ INFO ]  add process.Test to framework...
2020-06-05 11:42:48  [ main:16 ] - [ INFO ]  add system.module.FrameworkMsg to framework...
2020-06-05 11:42:48  [ main:31 ] - [ INFO ]  FrameworkMsg init...
2020-06-05 11:42:48  [ main:31 ] - [ INFO ]  add system.module.network.MyWebSocket to framework...
2020-06-05 11:42:48  [ main:47 ] - [ INFO ]  WebSocket init port = 7000
2020-06-05 11:42:48  [ main:47 ] - [ INFO ]  add system.module.processpool.ProcessPool to framework...
2020-06-05 11:42:48  [ main:47 ] - [ INFO ]  processPool init... 
waitQueueSize = 20; readyQueueSize = 20; runQueueSize = 1
2020-06-05 11:42:48  [ main:47 ] - [ INFO ]  PCB INFO: 

2020-06-05 11:42:48  [ main:47 ] - [ INFO ]  PCB(name=task-process.gao.Test2-test2, pid=0, processStatus=READY, priority=6, processInfo=class process.gao.Test2, serviceTime=4, arriveTime=0, finishTime=0, runTime=0, requestTime=-1, requestTime_save=0, method=print, task=process.gao.Test2@42eca56e)
2020-06-05 11:42:48  [ main:47 ] - [ INFO ]  PCB(name=task-process.gao.Test2-print3, pid=1, processStatus=READY, priority=5, processInfo=class process.gao.Test2, serviceTime=5, arriveTime=0, finishTime=0, runTime=0, requestTime=-1, requestTime_save=0, method=print3, task=process.gao.Test2@52f759d7)
2020-06-05 11:42:48  [ main:47 ] - [ INFO ]  PCB(name=task-process.gao.Test2-print2, pid=2, processStatus=READY, priority=5, processInfo=class process.gao.Test2, serviceTime=3, arriveTime=0, finishTime=0, runTime=0, requestTime=3000, requestTime_save=0, method=print2, task=process.gao.Test2@7a30d1e6)
2020-06-05 11:42:48  [ main:47 ] - [ INFO ]  PCB(name=task-process.gao.Test3-say, pid=3, processStatus=READY, priority=5, processInfo=class process.gao.Test3, serviceTime=8, arriveTime=0, finishTime=0, runTime=0, requestTime=8000, requestTime_save=0, method=say, task=process.gao.Test3@5891e32e)
2020-06-05 11:42:48  [ main:47 ] - [ INFO ]  PCB(name=task-process.Test-say, pid=4, processStatus=READY, priority=5, processInfo=class process.Test, serviceTime=5, arriveTime=0, finishTime=0, runTime=0, requestTime=-1, requestTime_save=0, method=say, task=process.Test@cb0ed20)
2020-06-05 11:42:48  [ main:47 ] - [ INFO ]  PCB(name=task-process.Test-hello, pid=5, processStatus=READY, priority=5, processInfo=class process.Test, serviceTime=6, arriveTime=0, finishTime=0, runTime=0, requestTime=-1, requestTime_save=0, method=hello, task=process.Test@8e24743)
2020-06-05 11:42:48  [ system.module.processpool.ProcessPool:47 ] - [ INFO ]  ProcessPool run..
2020-06-05 11:45:19  [ main:0 ] - [ INFO ]  ProcessFramework init at Fri Jun 05 11:45:19 CST 2020
2020-06-05 11:45:19  [ main:10 ] - [ INFO ]  add process.gao.Test2 to framework...
2020-06-05 11:45:19  [ main:20 ] - [ INFO ]  add process.gao.Test2 to framework...
2020-06-05 11:45:19  [ main:20 ] - [ INFO ]  add process.gao.Test2 to framework...
2020-06-05 11:45:19  [ main:20 ] - [ INFO ]  add process.gao.Test3 to framework...
2020-06-05 11:45:19  [ main:20 ] - [ INFO ]  add process.Test to framework...
2020-06-05 11:45:19  [ main:20 ] - [ INFO ]  add process.Test to framework...
2020-06-05 11:45:19  [ main:30 ] - [ INFO ]  add system.module.FrameworkMsg to framework...
2020-06-05 11:45:19  [ main:30 ] - [ INFO ]  FrameworkMsg init...
2020-06-05 11:45:19  [ main:40 ] - [ INFO ]  add system.module.network.MyWebSocket to framework...
2020-06-05 11:45:19  [ main:48 ] - [ INFO ]  WebSocket init port = 7000
2020-06-05 11:45:19  [ main:48 ] - [ INFO ]  add system.module.processpool.ProcessPool to framework...
2020-06-05 11:45:19  [ main:48 ] - [ INFO ]  processPool init... 
waitQueueSize = 20; readyQueueSize = 20; runQueueSize = 1
2020-06-05 11:45:19  [ main:48 ] - [ INFO ]  PCB INFO: 

2020-06-05 11:45:19  [ main:48 ] - [ INFO ]  PCB(name=task-process.gao.Test2-test2, pid=0, processStatus=READY, priority=6, processInfo=class process.gao.Test2, serviceTime=4, arriveTime=0, finishTime=0, runTime=0, requestTime=-1, requestTime_save=0, method=print, task=process.gao.Test2@2669b199)
2020-06-05 11:45:19  [ main:58 ] - [ INFO ]  PCB(name=task-process.gao.Test2-print3, pid=1, processStatus=READY, priority=5, processInfo=class process.gao.Test2, serviceTime=5, arriveTime=0, finishTime=0, runTime=0, requestTime=-1, requestTime_save=0, method=print3, task=process.gao.Test2@2344fc66)
2020-06-05 11:45:19  [ main:60 ] - [ INFO ]  PCB(name=task-process.gao.Test2-print2, pid=2, processStatus=READY, priority=5, processInfo=class process.gao.Test2, serviceTime=3, arriveTime=0, finishTime=0, runTime=0, requestTime=3000, requestTime_save=0, method=print2, task=process.gao.Test2@6a2bcfcb)
2020-06-05 11:45:19  [ main:60 ] - [ INFO ]  PCB(name=task-process.gao.Test3-say, pid=3, processStatus=READY, priority=5, processInfo=class process.gao.Test3, serviceTime=8, arriveTime=0, finishTime=0, runTime=0, requestTime=8000, requestTime_save=0, method=say, task=process.gao.Test3@4de8b406)
2020-06-05 11:45:19  [ main:60 ] - [ INFO ]  PCB(name=task-process.Test-hello, pid=4, processStatus=READY, priority=5, processInfo=class process.Test, serviceTime=6, arriveTime=0, finishTime=0, runTime=0, requestTime=-1, requestTime_save=0, method=hello, task=process.Test@3c756e4d)
2020-06-05 11:45:19  [ main:60 ] - [ INFO ]  PCB(name=task-process.Test-say, pid=5, processStatus=READY, priority=5, processInfo=class process.Test, serviceTime=5, arriveTime=0, finishTime=0, runTime=0, requestTime=-1, requestTime_save=0, method=say, task=process.Test@7c0e2abd)
2020-06-05 11:45:19  [ system.module.processpool.ProcessPool:60 ] - [ INFO ]  ProcessPool run..
2020-06-05 11:45:20  [ WebSocketSelector-23:1219 ] - [ INFO ]  wait client...
2020-06-05 11:49:28  [ main:0 ] - [ INFO ]  ProcessFramework init at Fri Jun 05 11:49:28 CST 2020
2020-06-05 11:49:28  [ main:14 ] - [ INFO ]  add process.gao.Test2 to framework...
2020-06-05 11:49:28  [ main:18 ] - [ INFO ]  add process.gao.Test2 to framework...
2020-06-05 11:49:28  [ main:23 ] - [ INFO ]  add process.gao.Test2 to framework...
2020-06-05 11:49:28  [ main:26 ] - [ INFO ]  add process.gao.Test3 to framework...
2020-06-05 11:49:28  [ main:28 ] - [ INFO ]  add process.Test to framework...
2020-06-05 11:49:28  [ main:29 ] - [ INFO ]  add process.Test to framework...
2020-06-05 11:49:28  [ main:40 ] - [ INFO ]  add system.module.FrameworkMsg to framework...
2020-06-05 11:49:28  [ main:41 ] - [ INFO ]  FrameworkMsg init...
2020-06-05 11:49:28  [ main:49 ] - [ INFO ]  add system.module.network.MyWebSocket to framework...
2020-06-05 11:49:28  [ main:65 ] - [ INFO ]  WebSocket init port = 7000
2020-06-05 11:49:28  [ main:65 ] - [ INFO ]  add system.module.processpool.ProcessPool to framework...
2020-06-05 11:49:28  [ main:65 ] - [ INFO ]  processPool init... 
waitQueueSize = 20; readyQueueSize = 20; runQueueSize = 1
2020-06-05 11:49:28  [ main:65 ] - [ INFO ]  PCB INFO: 

2020-06-05 11:49:28  [ main:65 ] - [ INFO ]  PCB(name=task-process.gao.Test2-test2, pid=0, processStatus=READY, priority=6, processInfo=class process.gao.Test2, serviceTime=4, arriveTime=0, finishTime=0, runTime=0, requestTime=-1, requestTime_save=0, method=print, task=process.gao.Test2@2669b199)
2020-06-05 11:49:28  [ main:65 ] - [ INFO ]  PCB(name=task-process.gao.Test2-print3, pid=1, processStatus=READY, priority=5, processInfo=class process.gao.Test2, serviceTime=5, arriveTime=0, finishTime=0, runTime=0, requestTime=-1, requestTime_save=0, method=print3, task=process.gao.Test2@2344fc66)
2020-06-05 11:49:28  [ main:65 ] - [ INFO ]  PCB(name=task-process.gao.Test2-print2, pid=2, processStatus=READY, priority=5, processInfo=class process.gao.Test2, serviceTime=3, arriveTime=0, finishTime=0, runTime=0, requestTime=3000, requestTime_save=0, method=print2, task=process.gao.Test2@6a2bcfcb)
2020-06-05 11:49:28  [ main:65 ] - [ INFO ]  PCB(name=task-process.gao.Test3-say, pid=3, processStatus=READY, priority=5, processInfo=class process.gao.Test3, serviceTime=8, arriveTime=0, finishTime=0, runTime=0, requestTime=8000, requestTime_save=0, method=say, task=process.gao.Test3@4de8b406)
2020-06-05 11:49:28  [ main:65 ] - [ INFO ]  PCB(name=task-process.Test-say, pid=4, processStatus=READY, priority=5, processInfo=class process.Test, serviceTime=5, arriveTime=0, finishTime=0, runTime=0, requestTime=-1, requestTime_save=0, method=say, task=process.Test@3c756e4d)
2020-06-05 11:49:28  [ main:65 ] - [ INFO ]  PCB(name=task-process.Test-hello, pid=5, processStatus=READY, priority=5, processInfo=class process.Test, serviceTime=6, arriveTime=0, finishTime=0, runTime=0, requestTime=-1, requestTime_save=0, method=hello, task=process.Test@7c0e2abd)
2020-06-05 11:49:28  [ system.module.processpool.ProcessPool:65 ] - [ INFO ]  ProcessPool run..
2020-06-05 11:49:30  [ WebSocketSelector-23:1398 ] - [ INFO ]  wait client...
2020-06-05 11:51:11  [ WebSocketWorker-14:102672 ] - [ INFO ]  /127.0.0.1:51051 has connected...
2020-06-05 12:13:03  [ main:0 ] - [ INFO ]  ProcessFramework init at Fri Jun 05 12:13:03 CST 2020
2020-06-05 12:13:03  [ main:9 ] - [ INFO ]  add process.gao.Test2 to framework...
2020-06-05 12:13:03  [ main:11 ] - [ INFO ]  add process.gao.Test2 to framework...
2020-06-05 12:13:03  [ main:12 ] - [ INFO ]  add process.gao.Test2 to framework...
2020-06-05 12:13:03  [ main:14 ] - [ INFO ]  add process.gao.Test3 to framework...
2020-06-05 12:13:03  [ main:15 ] - [ INFO ]  add process.Test to framework...
2020-06-05 12:13:03  [ main:16 ] - [ INFO ]  add process.Test to framework...
2020-06-05 12:13:03  [ main:21 ] - [ INFO ]  add system.module.FrameworkMsg to framework...
2020-06-05 12:13:03  [ main:21 ] - [ INFO ]  FrameworkMsg init...
2020-06-05 12:13:03  [ main:31 ] - [ INFO ]  add system.module.network.MyWebSocket to framework...
2020-06-05 12:13:03  [ main:37 ] - [ INFO ]  WebSocket init port = 7000
2020-06-05 12:13:03  [ main:39 ] - [ INFO ]  add system.module.processpool.ProcessPool to framework...
2020-06-05 12:13:03  [ main:41 ] - [ INFO ]  processPool init... 
waitQueueSize = 20; readyQueueSize = 20; runQueueSize = 1
2020-06-05 12:13:03  [ main:42 ] - [ INFO ]  PCB INFO: 

2020-06-05 12:13:03  [ main:43 ] - [ INFO ]  PCB(name=task-process.gao.Test2-test2, pid=0, processStatus=READY, priority=6, processInfo=class process.gao.Test2, serviceTime=4, arriveTime=0, finishTime=0, runTime=0, requestTime=-1, requestTime_save=0, method=print, task=process.gao.Test2@3ecd23d9)
2020-06-05 12:13:03  [ main:44 ] - [ INFO ]  PCB(name=task-process.gao.Test2-print2, pid=1, processStatus=READY, priority=5, processInfo=class process.gao.Test2, serviceTime=3, arriveTime=0, finishTime=0, runTime=0, requestTime=3000, requestTime_save=0, method=print2, task=process.gao.Test2@569cfc36)
2020-06-05 12:13:03  [ main:46 ] - [ INFO ]  PCB(name=task-process.gao.Test2-print3, pid=2, processStatus=READY, priority=5, processInfo=class process.gao.Test2, serviceTime=5, arriveTime=0, finishTime=0, runTime=0, requestTime=-1, requestTime_save=0, method=print3, task=process.gao.Test2@74a10858)
2020-06-05 12:13:03  [ main:47 ] - [ INFO ]  PCB(name=task-process.gao.Test3-say, pid=3, processStatus=READY, priority=5, processInfo=class process.gao.Test3, serviceTime=8, arriveTime=0, finishTime=0, runTime=0, requestTime=8000, requestTime_save=0, method=say, task=process.gao.Test3@23fe1d71)
2020-06-05 12:13:03  [ main:47 ] - [ INFO ]  PCB(name=task-process.Test-say, pid=4, processStatus=READY, priority=5, processInfo=class process.Test, serviceTime=5, arriveTime=0, finishTime=0, runTime=0, requestTime=-1, requestTime_save=0, method=say, task=process.Test@28ac3dc3)
2020-06-05 12:13:03  [ main:48 ] - [ INFO ]  PCB(name=task-process.Test-hello, pid=5, processStatus=READY, priority=5, processInfo=class process.Test, serviceTime=6, arriveTime=0, finishTime=0, runTime=0, requestTime=-1, requestTime_save=0, method=hello, task=process.Test@32eebfca)
2020-06-05 12:13:03  [ system.module.processpool.ProcessPool:50 ] - [ INFO ]  ProcessPool run..
2020-06-05 12:17:28  [ main:0 ] - [ INFO ]  ProcessFramework init at Fri Jun 05 12:17:28 CST 2020
2020-06-05 12:17:28  [ main:10 ] - [ INFO ]  add process.gao.Test2 to framework...
2020-06-05 12:17:28  [ main:12 ] - [ INFO ]  add process.gao.Test2 to framework...
2020-06-05 12:17:28  [ main:13 ] - [ INFO ]  add process.gao.Test2 to framework...
2020-06-05 12:17:28  [ main:16 ] - [ INFO ]  add process.gao.Test3 to framework...
2020-06-05 12:17:28  [ main:19 ] - [ INFO ]  add process.Test to framework...
2020-06-05 12:17:28  [ main:20 ] - [ INFO ]  add process.Test to framework...
2020-06-05 12:17:28  [ main:27 ] - [ INFO ]  add system.module.FrameworkMsg to framework...
2020-06-05 12:17:28  [ main:28 ] - [ INFO ]  FrameworkMsg init...
2020-06-05 12:17:28  [ main:42 ] - [ INFO ]  add system.module.network.MyWebSocket to framework...
2020-06-05 12:17:28  [ main:48 ] - [ INFO ]  WebSocket init port = 7000
2020-06-05 12:17:28  [ main:50 ] - [ INFO ]  add system.module.processpool.ProcessPool to framework...
2020-06-05 12:17:28  [ main:52 ] - [ INFO ]  processPool init... 
waitQueueSize = 20; readyQueueSize = 20; runQueueSize = 1
2020-06-05 12:17:28  [ main:53 ] - [ INFO ]  PCB INFO: 

2020-06-05 12:17:28  [ main:55 ] - [ INFO ]  PCB(name=task-process.gao.Test2-test2, pid=0, processStatus=READY, priority=6, processInfo=class process.gao.Test2, serviceTime=4, arriveTime=0, finishTime=0, runTime=0, requestTime=-1, requestTime_save=0, method=print, task=process.gao.Test2@3ecd23d9)
2020-06-05 12:17:28  [ main:55 ] - [ INFO ]  PCB(name=task-process.gao.Test2-print3, pid=1, processStatus=READY, priority=5, processInfo=class process.gao.Test2, serviceTime=5, arriveTime=0, finishTime=0, runTime=0, requestTime=-1, requestTime_save=0, method=print3, task=process.gao.Test2@569cfc36)
2020-06-05 12:17:28  [ main:59 ] - [ INFO ]  PCB(name=task-process.gao.Test2-print2, pid=2, processStatus=READY, priority=5, processInfo=class process.gao.Test2, serviceTime=3, arriveTime=0, finishTime=0, runTime=0, requestTime=3000, requestTime_save=0, method=print2, task=process.gao.Test2@74a10858)
2020-06-05 12:17:28  [ main:60 ] - [ INFO ]  PCB(name=task-process.gao.Test3-say, pid=3, processStatus=READY, priority=5, processInfo=class process.gao.Test3, serviceTime=8, arriveTime=0, finishTime=0, runTime=0, requestTime=8000, requestTime_save=0, method=say, task=process.gao.Test3@23fe1d71)
2020-06-05 12:17:28  [ main:61 ] - [ INFO ]  PCB(name=task-process.Test-say, pid=4, processStatus=READY, priority=5, processInfo=class process.Test, serviceTime=5, arriveTime=0, finishTime=0, runTime=0, requestTime=-1, requestTime_save=0, method=say, task=process.Test@28ac3dc3)
2020-06-05 12:17:28  [ main:61 ] - [ INFO ]  PCB(name=task-process.Test-hello, pid=5, processStatus=READY, priority=5, processInfo=class process.Test, serviceTime=6, arriveTime=0, finishTime=0, runTime=0, requestTime=-1, requestTime_save=0, method=hello, task=process.Test@32eebfca)
2020-06-05 12:17:28  [ system.module.processpool.ProcessPool:63 ] - [ INFO ]  ProcessPool run..
2020-06-05 12:20:31  [ main:0 ] - [ INFO ]  ProcessFramework init at Fri Jun 05 12:20:31 CST 2020
2020-06-05 12:20:31  [ main:39 ] - [ INFO ]  add process.gao.Test2 to framework...
2020-06-05 12:20:31  [ main:42 ] - [ INFO ]  add process.gao.Test2 to framework...
2020-06-05 12:20:31  [ main:45 ] - [ INFO ]  add process.gao.Test2 to framework...
2020-06-05 12:20:31  [ main:47 ] - [ INFO ]  add process.gao.Test3 to framework...
2020-06-05 12:20:31  [ main:49 ] - [ INFO ]  add process.Test to framework...
2020-06-05 12:20:31  [ main:50 ] - [ INFO ]  add process.Test to framework...
2020-06-05 12:20:31  [ main:59 ] - [ INFO ]  add system.module.FrameworkMsg to framework...
2020-06-05 12:20:31  [ main:59 ] - [ INFO ]  FrameworkMsg init...
2020-06-05 12:20:31  [ main:76 ] - [ INFO ]  add system.module.network.MyWebSocket to framework...
2020-06-05 12:20:31  [ main:84 ] - [ INFO ]  WebSocket init port = 7000
2020-06-05 12:20:31  [ main:87 ] - [ INFO ]  add system.module.processpool.ProcessPool to framework...
2020-06-05 12:20:31  [ main:91 ] - [ INFO ]  processPool init... 
waitQueueSize = 20; readyQueueSize = 20; runQueueSize = 1
2020-06-05 12:20:31  [ main:92 ] - [ INFO ]  PCB INFO: 

2020-06-05 12:20:31  [ main:94 ] - [ INFO ]  PCB(name=task-process.gao.Test2-test2, pid=0, processStatus=READY, priority=6, processInfo=class process.gao.Test2, serviceTime=4, arriveTime=0, finishTime=0, runTime=0, requestTime=-1, requestTime_save=0, method=print, task=process.gao.Test2@1cf4f579)
2020-06-05 12:20:31  [ main:94 ] - [ INFO ]  PCB(name=task-process.gao.Test2-print3, pid=1, processStatus=READY, priority=5, processInfo=class process.gao.Test2, serviceTime=5, arriveTime=0, finishTime=0, runTime=0, requestTime=-1, requestTime_save=0, method=print3, task=process.gao.Test2@18769467)
2020-06-05 12:20:31  [ main:97 ] - [ INFO ]  PCB(name=task-process.gao.Test2-print2, pid=2, processStatus=READY, priority=5, processInfo=class process.gao.Test2, serviceTime=3, arriveTime=0, finishTime=0, runTime=0, requestTime=3000, requestTime_save=0, method=print2, task=process.gao.Test2@573fd745)
2020-06-05 12:20:31  [ main:98 ] - [ INFO ]  PCB(name=task-process.gao.Test3-say, pid=3, processStatus=READY, priority=5, processInfo=class process.gao.Test3, serviceTime=8, arriveTime=0, finishTime=0, runTime=0, requestTime=8000, requestTime_save=0, method=say, task=process.gao.Test3@15327b79)
2020-06-05 12:20:31  [ main:98 ] - [ INFO ]  PCB(name=task-process.Test-say, pid=4, processStatus=READY, priority=5, processInfo=class process.Test, serviceTime=5, arriveTime=0, finishTime=0, runTime=0, requestTime=-1, requestTime_save=0, method=say, task=process.Test@4f2410ac)
2020-06-05 12:20:31  [ main:99 ] - [ INFO ]  PCB(name=task-process.Test-hello, pid=5, processStatus=READY, priority=5, processInfo=class process.Test, serviceTime=6, arriveTime=0, finishTime=0, runTime=0, requestTime=-1, requestTime_save=0, method=hello, task=process.Test@722c41f4)
2020-06-05 12:20:31  [ system.module.processpool.ProcessPool:102 ] - [ INFO ]  ProcessPool run..
2020-06-05 12:20:32  [ WebSocketSelector-21:1496 ] - [ INFO ]  wait client...
2020-06-05 12:42:26  [ main:0 ] - [ INFO ]  ProcessFramework init at Fri Jun 05 12:42:26 CST 2020
2020-06-05 12:42:26  [ main:29 ] - [ INFO ]  add process.gao.Test2 to framework...
2020-06-05 12:42:26  [ main:34 ] - [ INFO ]  add process.gao.Test2 to framework...
2020-06-05 12:42:26  [ main:38 ] - [ INFO ]  add process.gao.Test2 to framework...
2020-06-05 12:42:26  [ main:40 ] - [ INFO ]  add process.gao.Test3 to framework...
2020-06-05 12:42:26  [ main:42 ] - [ INFO ]  add process.Test to framework...
2020-06-05 12:42:26  [ main:43 ] - [ INFO ]  add process.Test to framework...
2020-06-05 12:42:26  [ main:54 ] - [ INFO ]  add system.module.FrameworkMsg to framework...
2020-06-05 12:42:26  [ main:54 ] - [ INFO ]  FrameworkMsg init...
2020-06-05 12:42:26  [ main:71 ] - [ INFO ]  add system.module.network.MyWebSocket to framework...
2020-06-05 12:42:26  [ main:79 ] - [ INFO ]  WebSocket init port = 7000
2020-06-05 12:42:26  [ main:81 ] - [ INFO ]  add system.module.processpool.ProcessPool to framework...
2020-06-05 12:42:26  [ main:84 ] - [ INFO ]  processPool init... 
waitQueueSize = 20; readyQueueSize = 20; runQueueSize = 1
2020-06-05 12:42:26  [ main:85 ] - [ INFO ]  PCB INFO: 

2020-06-05 12:42:26  [ main:86 ] - [ INFO ]  PCB(name=task-process.gao.Test2-test2, pid=0, processStatus=READY, priority=6, processInfo=class process.gao.Test2, serviceTime=4, arriveTime=0, finishTime=0, runTime=0, requestTime=-1, requestTime_save=0, method=print, task=process.gao.Test2@1cf4f579)
2020-06-05 12:42:26  [ main:87 ] - [ INFO ]  PCB(name=task-process.gao.Test2-print2, pid=1, processStatus=READY, priority=5, processInfo=class process.gao.Test2, serviceTime=3, arriveTime=0, finishTime=0, runTime=0, requestTime=3000, requestTime_save=0, method=print2, task=process.gao.Test2@18769467)
2020-06-05 12:42:26  [ main:89 ] - [ INFO ]  PCB(name=task-process.gao.Test2-print3, pid=2, processStatus=READY, priority=5, processInfo=class process.gao.Test2, serviceTime=5, arriveTime=0, finishTime=0, runTime=0, requestTime=-1, requestTime_save=0, method=print3, task=process.gao.Test2@573fd745)
2020-06-05 12:42:26  [ main:90 ] - [ INFO ]  PCB(name=task-process.gao.Test3-say, pid=3, processStatus=READY, priority=5, processInfo=class process.gao.Test3, serviceTime=8, arriveTime=0, finishTime=0, runTime=0, requestTime=8000, requestTime_save=0, method=say, task=process.gao.Test3@15327b79)
2020-06-05 12:42:26  [ main:90 ] - [ INFO ]  PCB(name=task-process.Test-hello, pid=4, processStatus=READY, priority=5, processInfo=class process.Test, serviceTime=6, arriveTime=0, finishTime=0, runTime=0, requestTime=-1, requestTime_save=0, method=hello, task=process.Test@4f2410ac)
2020-06-05 12:42:26  [ main:90 ] - [ INFO ]  PCB(name=task-process.Test-say, pid=5, processStatus=READY, priority=5, processInfo=class process.Test, serviceTime=5, arriveTime=0, finishTime=0, runTime=0, requestTime=-1, requestTime_save=0, method=say, task=process.Test@722c41f4)
2020-06-05 12:42:26  [ system.module.processpool.ProcessPool:92 ] - [ INFO ]  ProcessPool run..
2020-06-05 12:42:28  [ WebSocketSelector-21:1365 ] - [ INFO ]  wait client...
2020-06-05 12:42:43  [ main:0 ] - [ INFO ]  ProcessFramework init at Fri Jun 05 12:42:43 CST 2020
2020-06-05 12:42:43  [ main:8 ] - [ INFO ]  add process.gao.Test2 to framework...
2020-06-05 12:42:43  [ main:10 ] - [ INFO ]  add process.gao.Test2 to framework...
2020-06-05 12:42:43  [ main:11 ] - [ INFO ]  add process.gao.Test2 to framework...
2020-06-05 12:42:43  [ main:13 ] - [ INFO ]  add process.gao.Test3 to framework...
2020-06-05 12:42:43  [ main:14 ] - [ INFO ]  add process.Test to framework...
2020-06-05 12:42:43  [ main:15 ] - [ INFO ]  add process.Test to framework...
2020-06-05 12:42:43  [ main:22 ] - [ INFO ]  add system.module.FrameworkMsg to framework...
2020-06-05 12:42:43  [ main:23 ] - [ INFO ]  FrameworkMsg init...
2020-06-05 12:42:43  [ main:37 ] - [ INFO ]  add system.module.network.MyWebSocket to framework...
2020-06-05 12:42:43  [ main:48 ] - [ INFO ]  WebSocket init port = 7000
2020-06-05 12:42:43  [ main:50 ] - [ INFO ]  add system.module.processpool.ProcessPool to framework...
2020-06-05 12:42:43  [ main:53 ] - [ INFO ]  processPool init... 
waitQueueSize = 20; readyQueueSize = 20; runQueueSize = 1
2020-06-05 12:42:43  [ main:54 ] - [ INFO ]  PCB INFO: 

2020-06-05 12:42:43  [ main:56 ] - [ INFO ]  PCB(name=task-process.gao.Test2-test2, pid=0, processStatus=READY, priority=6, processInfo=class process.gao.Test2, serviceTime=4, arriveTime=0, finishTime=0, runTime=0, requestTime=-1, requestTime_save=0, method=print, task=process.gao.Test2@45c8e616)
2020-06-05 12:42:43  [ main:57 ] - [ INFO ]  PCB(name=task-process.gao.Test2-print3, pid=1, processStatus=READY, priority=5, processInfo=class process.gao.Test2, serviceTime=5, arriveTime=0, finishTime=0, runTime=0, requestTime=-1, requestTime_save=0, method=print3, task=process.gao.Test2@4cdbe50f)
2020-06-05 12:42:43  [ main:59 ] - [ INFO ]  PCB(name=task-process.gao.Test2-print2, pid=2, processStatus=READY, priority=5, processInfo=class process.gao.Test2, serviceTime=3, arriveTime=0, finishTime=0, runTime=0, requestTime=3000, requestTime_save=0, method=print2, task=process.gao.Test2@5ba23b66)
2020-06-05 12:42:43  [ main:61 ] - [ INFO ]  PCB(name=task-process.gao.Test3-say, pid=3, processStatus=READY, priority=5, processInfo=class process.gao.Test3, serviceTime=8, arriveTime=0, finishTime=0, runTime=0, requestTime=8000, requestTime_save=0, method=say, task=process.gao.Test3@2ff4f00f)
2020-06-05 12:42:43  [ main:62 ] - [ INFO ]  PCB(name=task-process.Test-say, pid=4, processStatus=READY, priority=5, processInfo=class process.Test, serviceTime=5, arriveTime=0, finishTime=0, runTime=0, requestTime=-1, requestTime_save=0, method=say, task=process.Test@c818063)
2020-06-05 12:42:43  [ main:63 ] - [ INFO ]  PCB(name=task-process.Test-hello, pid=5, processStatus=READY, priority=5, processInfo=class process.Test, serviceTime=6, arriveTime=0, finishTime=0, runTime=0, requestTime=-1, requestTime_save=0, method=hello, task=process.Test@3f0ee7cb)
2020-06-05 12:42:43  [ system.module.processpool.ProcessPool:65 ] - [ INFO ]  ProcessPool run..
2020-06-05 12:43:09  [ main:0 ] - [ INFO ]  ProcessFramework init at Fri Jun 05 12:43:09 CST 2020
2020-06-05 12:43:09  [ main:12 ] - [ INFO ]  add process.gao.Test2 to framework...
2020-06-05 12:43:09  [ main:13 ] - [ INFO ]  add process.gao.Test2 to framework...
2020-06-05 12:43:09  [ main:15 ] - [ INFO ]  add process.gao.Test2 to framework...
2020-06-05 12:43:09  [ main:16 ] - [ INFO ]  add process.gao.Test3 to framework...
2020-06-05 12:43:09  [ main:17 ] - [ INFO ]  add process.Test to framework...
2020-06-05 12:43:09  [ main:17 ] - [ INFO ]  add process.Test to framework...
2020-06-05 12:43:09  [ main:21 ] - [ INFO ]  add system.module.FrameworkMsg to framework...
2020-06-05 12:43:09  [ main:21 ] - [ INFO ]  FrameworkMsg init...
2020-06-05 12:43:09  [ main:35 ] - [ INFO ]  add system.module.network.MyWebSocket to framework...
2020-06-05 12:43:09  [ main:43 ] - [ INFO ]  WebSocket init port = 7000
2020-06-05 12:43:09  [ main:44 ] - [ INFO ]  add system.module.processpool.ProcessPool to framework...
2020-06-05 12:43:09  [ main:46 ] - [ INFO ]  processPool init... 
waitQueueSize = 20; readyQueueSize = 20; runQueueSize = 1
2020-06-05 12:43:09  [ main:47 ] - [ INFO ]  PCB INFO: 

2020-06-05 12:43:09  [ main:47 ] - [ INFO ]  PCB(name=task-process.gao.Test2-test2, pid=0, processStatus=READY, priority=6, processInfo=class process.gao.Test2, serviceTime=4, arriveTime=0, finishTime=0, runTime=0, requestTime=-1, requestTime_save=0, method=print, task=process.gao.Test2@63c12fb0)
2020-06-05 12:43:09  [ main:47 ] - [ INFO ]  PCB(name=task-process.gao.Test2-print3, pid=1, processStatus=READY, priority=5, processInfo=class process.gao.Test2, serviceTime=5, arriveTime=0, finishTime=0, runTime=0, requestTime=-1, requestTime_save=0, method=print3, task=process.gao.Test2@b1a58a3)
2020-06-05 12:43:09  [ main:49 ] - [ INFO ]  PCB(name=task-process.gao.Test2-print2, pid=2, processStatus=READY, priority=5, processInfo=class process.gao.Test2, serviceTime=3, arriveTime=0, finishTime=0, runTime=0, requestTime=3000, requestTime_save=0, method=print2, task=process.gao.Test2@1cf4f579)
2020-06-05 12:43:09  [ main:49 ] - [ INFO ]  PCB(name=task-process.gao.Test3-say, pid=3, processStatus=READY, priority=5, processInfo=class process.gao.Test3, serviceTime=8, arriveTime=0, finishTime=0, runTime=0, requestTime=8000, requestTime_save=0, method=say, task=process.gao.Test3@18769467)
2020-06-05 12:43:09  [ main:49 ] - [ INFO ]  PCB(name=task-process.Test-hello, pid=4, processStatus=READY, priority=5, processInfo=class process.Test, serviceTime=6, arriveTime=0, finishTime=0, runTime=0, requestTime=-1, requestTime_save=0, method=hello, task=process.Test@46ee7fe8)
2020-06-05 12:43:09  [ main:50 ] - [ INFO ]  PCB(name=task-process.Test-say, pid=5, processStatus=READY, priority=5, processInfo=class process.Test, serviceTime=5, arriveTime=0, finishTime=0, runTime=0, requestTime=-1, requestTime_save=0, method=say, task=process.Test@7506e922)
2020-06-05 12:43:09  [ system.module.processpool.ProcessPool:50 ] - [ INFO ]  ProcessPool run..
2020-06-05 12:43:10  [ WebSocketSelector-20:1166 ] - [ INFO ]  wait client...
